Build started 12/10/2013 1:57:17 PM.
     1>Project "C:\Users\Justin\Dropbox\School\WSU\CTS121\Programing Assignment 7\Programing Assignment 7\Programing Assignment 7\Programing Assignment 7.vcxproj" on node 2 (Build target(s)).
     1>ClCompile:
         C:\Program Files (x86)\Microsoft Visual Studio 11.0\VC\bin\CL.exe /c /ZI /nologo /W3 /WX- /Od /Oy- /D WIN32 /D _DEBUG /D _CONSOLE /D _UNICODE /D UNICODE /Gm /EHsc /RTC1 /MDd /GS /fp:precise /Zc:wchar_t /Zc:forScope /Fo"Debug\\" /Fd"Debug\vc110.pdb" /Gd /TC /analyze- /errorReport:prompt pa7.c
         pa7.c
     1>c:\users\justin\dropbox\school\wsu\cts121\programing assignment 7\programing assignment 7\programing assignment 7\pa7.c(31): warning C4996: 'scanf': This function or variable may be unsafe. Consider using scanf_s instead. To disable deprecation, use _CRT_SECURE_NO_WARNINGS. See online help for details.
                 c:\program files (x86)\microsoft visual studio 11.0\vc\include\stdio.h(290) : see declaration of 'scanf'
     1>c:\users\justin\dropbox\school\wsu\cts121\programing assignment 7\programing assignment 7\programing assignment 7\pa7.c(74): warning C4996: 'scanf': This function or variable may be unsafe. Consider using scanf_s instead. To disable deprecation, use _CRT_SECURE_NO_WARNINGS. See online help for details.
                 c:\program files (x86)\microsoft visual studio 11.0\vc\include\stdio.h(290) : see declaration of 'scanf'
     1>c:\users\justin\dropbox\school\wsu\cts121\programing assignment 7\programing assignment 7\programing assignment 7\pa7.c(94): warning C4996: 'scanf': This function or variable may be unsafe. Consider using scanf_s instead. To disable deprecation, use _CRT_SECURE_NO_WARNINGS. See online help for details.
                 c:\program files (x86)\microsoft visual studio 11.0\vc\include\stdio.h(290) : see declaration of 'scanf'
     1>c:\users\justin\dropbox\school\wsu\cts121\programing assignment 7\programing assignment 7\programing assignment 7\pa7.c(256): warning C4996: 'scanf': This function or variable may be unsafe. Consider using scanf_s instead. To disable deprecation, use _CRT_SECURE_NO_WARNINGS. See online help for details.
                 c:\program files (x86)\microsoft visual studio 11.0\vc\include\stdio.h(290) : see declaration of 'scanf'
     1>c:\users\justin\dropbox\school\wsu\cts121\programing assignment 7\programing assignment 7\programing assignment 7\pa7.c(266): warning C4996: 'scanf': This function or variable may be unsafe. Consider using scanf_s instead. To disable deprecation, use _CRT_SECURE_NO_WARNINGS. See online help for details.
                 c:\program files (x86)\microsoft visual studio 11.0\vc\include\stdio.h(290) : see declaration of 'scanf'
     1>c:\users\justin\dropbox\school\wsu\cts121\programing assignment 7\programing assignment 7\programing assignment 7\pa7.c(288): warning C4996: 'scanf': This function or variable may be unsafe. Consider using scanf_s instead. To disable deprecation, use _CRT_SECURE_NO_WARNINGS. See online help for details.
                 c:\program files (x86)\microsoft visual studio 11.0\vc\include\stdio.h(290) : see declaration of 'scanf'
     1>c:\users\justin\dropbox\school\wsu\cts121\programing assignment 7\programing assignment 7\programing assignment 7\pa7.c(298): warning C4996: 'scanf': This function or variable may be unsafe. Consider using scanf_s instead. To disable deprecation, use _CRT_SECURE_NO_WARNINGS. See online help for details.
                 c:\program files (x86)\microsoft visual studio 11.0\vc\include\stdio.h(290) : see declaration of 'scanf'
     1>c:\users\justin\dropbox\school\wsu\cts121\programing assignment 7\programing assignment 7\programing assignment 7\pa7.c(350): warning C4996: 'scanf': This function or variable may be unsafe. Consider using scanf_s instead. To disable deprecation, use _CRT_SECURE_NO_WARNINGS. See online help for details.
                 c:\program files (x86)\microsoft visual studio 11.0\vc\include\stdio.h(290) : see declaration of 'scanf'
     1>c:\users\justin\dropbox\school\wsu\cts121\programing assignment 7\programing assignment 7\programing assignment 7\pa7.c(367): warning C4996: 'scanf': This function or variable may be unsafe. Consider using scanf_s instead. To disable deprecation, use _CRT_SECURE_NO_WARNINGS. See online help for details.
                 c:\program files (x86)\microsoft visual studio 11.0\vc\include\stdio.h(290) : see declaration of 'scanf'
       Link:
         C:\Program Files (x86)\Microsoft Visual Studio 11.0\VC\bin\link.exe /ERRORREPORT:PROMPT /OUT:"C:\Users\Justin\Dropbox\School\WSU\CTS121\Programing Assignment 7\Programing Assignment 7\Debug\Programing Assignment 7.exe" /INCREMENTAL /NOLOGO kernel32.lib user32.lib gdi32.lib winspool.lib comdlg32.lib advapi32.lib shell32.lib ole32.lib oleaut32.lib uuid.lib odbc32.lib odbccp32.lib /MANIFEST /MANIFESTUAC:"level='asInvoker' uiAccess='false'" /manifest:embed /DEBUG /PDB:"C:\Users\Justin\Dropbox\School\WSU\CTS121\Programing Assignment 7\Programing Assignment 7\Debug\Programing Assignment 7.pdb" /SUBSYSTEM:CONSOLE /TLBID:1 /DYNAMICBASE /NXCOMPAT /IMPLIB:"C:\Users\Justin\Dropbox\School\WSU\CTS121\Programing Assignment 7\Programing Assignment 7\Debug\Programing Assignment 7.lib" /MACHINE:X86 Debug\main.obj
         Debug\pa7.obj
         Programing Assignment 7.vcxproj -> C:\Users\Justin\Dropbox\School\WSU\CTS121\Programing Assignment 7\Programing Assignment 7\Debug\Programing Assignment 7.exe
     1>Done Building Project "C:\Users\Justin\Dropbox\School\WSU\CTS121\Programing Assignment 7\Programing Assignment 7\Programing Assignment 7\Programing Assignment 7.vcxproj" (Build target(s)).

Build succeeded.

Time Elapsed 00:00:01.35
