Build started 9/26/2013 5:27:48 PM.
     1>Project "Z:\jh On My Mac\Dropbox\School\WSU\CTS121\Lab 5\Lab 5\Lab 5\Lab 5.vcxproj" on node 2 (Build target(s)).
     1>ClCompile:
         C:\Program Files (x86)\Microsoft Visual Studio 11.0\VC\bin\CL.exe /c /ZI /nologo /W3 /WX- /Od /Oy- /D WIN32 /D _DEBUG /D _CONSOLE /D _UNICODE /D UNICODE /Gm /EHsc /RTC1 /MDd /GS /fp:precise /Zc:wchar_t /Zc:forScope /Fo"Debug\\" /Fd"Debug\vc110.pdb" /Gd /TC /analyze- /errorReport:prompt lab5.c
         lab5.c
     1>z:\jh on my mac\dropbox\school\wsu\cts121\lab 5\lab 5\lab 5\lab5.c(21): warning C4996: 'fscanf': This function or variable may be unsafe. Consider using fscanf_s instead. To disable deprecation, use _CRT_SECURE_NO_WARNINGS. See online help for details.
                 c:\program files (x86)\microsoft visual studio 11.0\vc\include\stdio.h(237) : see declaration of 'fscanf'
     1>z:\jh on my mac\dropbox\school\wsu\cts121\lab 5\lab 5\lab 5\lab5.c(22): warning C4996: 'fscanf': This function or variable may be unsafe. Consider using fscanf_s instead. To disable deprecation, use _CRT_SECURE_NO_WARNINGS. See online help for details.
                 c:\program files (x86)\microsoft visual studio 11.0\vc\include\stdio.h(237) : see declaration of 'fscanf'
     1>z:\jh on my mac\dropbox\school\wsu\cts121\lab 5\lab 5\lab 5\lab5.c(23): warning C4996: 'fscanf': This function or variable may be unsafe. Consider using fscanf_s instead. To disable deprecation, use _CRT_SECURE_NO_WARNINGS. See online help for details.
                 c:\program files (x86)\microsoft visual studio 11.0\vc\include\stdio.h(237) : see declaration of 'fscanf'
     1>z:\jh on my mac\dropbox\school\wsu\cts121\lab 5\lab 5\lab 5\lab5.c(24): warning C4996: 'fscanf': This function or variable may be unsafe. Consider using fscanf_s instead. To disable deprecation, use _CRT_SECURE_NO_WARNINGS. See online help for details.
                 c:\program files (x86)\microsoft visual studio 11.0\vc\include\stdio.h(237) : see declaration of 'fscanf'
     1>z:\jh on my mac\dropbox\school\wsu\cts121\lab 5\lab 5\lab 5\lab5.c(42): warning C4996: 'fcloseall': The POSIX name for this item is deprecated. Instead, use the ISO C++ conformant name: _fcloseall. See online help for details.
                 c:\program files (x86)\microsoft visual studio 11.0\vc\include\stdio.h(708) : see declaration of 'fcloseall'
     1>z:\jh on my mac\dropbox\school\wsu\cts121\lab 5\lab 5\lab 5\lab5.c(55): warning C4996: 'fopen': This function or variable may be unsafe. Consider using fopen_s instead. To disable deprecation, use _CRT_SECURE_NO_WARNINGS. See online help for details.
                 c:\program files (x86)\microsoft visual studio 11.0\vc\include\stdio.h(218) : see declaration of 'fopen'
     1>z:\jh on my mac\dropbox\school\wsu\cts121\lab 5\lab 5\lab 5\lab5.c(103): warning C4996: 'scanf': This function or variable may be unsafe. Consider using scanf_s instead. To disable deprecation, use _CRT_SECURE_NO_WARNINGS. See online help for details.
                 c:\program files (x86)\microsoft visual studio 11.0\vc\include\stdio.h(290) : see declaration of 'scanf'
     1>z:\jh on my mac\dropbox\school\wsu\cts121\lab 5\lab 5\lab 5\lab5.c(105): warning C4996: 'fopen': This function or variable may be unsafe. Consider using fopen_s instead. To disable deprecation, use _CRT_SECURE_NO_WARNINGS. See online help for details.
                 c:\program files (x86)\microsoft visual studio 11.0\vc\include\stdio.h(218) : see declaration of 'fopen'
     1>z:\jh on my mac\dropbox\school\wsu\cts121\lab 5\lab 5\lab 5\lab5.c(112): warning C4996: 'fscanf': This function or variable may be unsafe. Consider using fscanf_s instead. To disable deprecation, use _CRT_SECURE_NO_WARNINGS. See online help for details.
                 c:\program files (x86)\microsoft visual studio 11.0\vc\include\stdio.h(237) : see declaration of 'fscanf'
     1>z:\jh on my mac\dropbox\school\wsu\cts121\lab 5\lab 5\lab 5\lab5.c(120): warning C4996: 'fopen': This function or variable may be unsafe. Consider using fopen_s instead. To disable deprecation, use _CRT_SECURE_NO_WARNINGS. See online help for details.
                 c:\program files (x86)\microsoft visual studio 11.0\vc\include\stdio.h(218) : see declaration of 'fopen'
     1>z:\jh on my mac\dropbox\school\wsu\cts121\lab 5\lab 5\lab 5\lab5.c(123): warning C4996: 'fcloseall': The POSIX name for this item is deprecated. Instead, use the ISO C++ conformant name: _fcloseall. See online help for details.
                 c:\program files (x86)\microsoft visual studio 11.0\vc\include\stdio.h(708) : see declaration of 'fcloseall'
     1>z:\jh on my mac\dropbox\school\wsu\cts121\lab 5\lab 5\lab 5\lab5.c(147): warning C4020: 'openFile2' : too many actual parameters
     1>z:\jh on my mac\dropbox\school\wsu\cts121\lab 5\lab 5\lab 5\lab5.c(148): warning C4020: 'openFile2' : too many actual parameters
     1>z:\jh on my mac\dropbox\school\wsu\cts121\lab 5\lab 5\lab 5\lab5.c(150): warning C4996: 'fscanf': This function or variable may be unsafe. Consider using fscanf_s instead. To disable deprecation, use _CRT_SECURE_NO_WARNINGS. See online help for details.
                 c:\program files (x86)\microsoft visual studio 11.0\vc\include\stdio.h(237) : see declaration of 'fscanf'
     1>z:\jh on my mac\dropbox\school\wsu\cts121\lab 5\lab 5\lab 5\lab5.c(151): warning C4996: 'fscanf': This function or variable may be unsafe. Consider using fscanf_s instead. To disable deprecation, use _CRT_SECURE_NO_WARNINGS. See online help for details.
                 c:\program files (x86)\microsoft visual studio 11.0\vc\include\stdio.h(237) : see declaration of 'fscanf'
     1>z:\jh on my mac\dropbox\school\wsu\cts121\lab 5\lab 5\lab 5\lab5.c(172): warning C4996: 'fcloseall': The POSIX name for this item is deprecated. Instead, use the ISO C++ conformant name: _fcloseall. See online help for details.
                 c:\program files (x86)\microsoft visual studio 11.0\vc\include\stdio.h(708) : see declaration of 'fcloseall'
     1>z:\jh on my mac\dropbox\school\wsu\cts121\lab 5\lab 5\lab 5\lab5.c(181): warning C4029: declared formal parameter list different from definition
     1>z:\jh on my mac\dropbox\school\wsu\cts121\lab 5\lab 5\lab 5\lab5.c(187): warning C4996: 'fopen': This function or variable may be unsafe. Consider using fopen_s instead. To disable deprecation, use _CRT_SECURE_NO_WARNINGS. See online help for details.
                 c:\program files (x86)\microsoft visual studio 11.0\vc\include\stdio.h(218) : see declaration of 'fopen'
     1>z:\jh on my mac\dropbox\school\wsu\cts121\lab 5\lab 5\lab 5\lab5.c(193): warning C4996: 'fopen': This function or variable may be unsafe. Consider using fopen_s instead. To disable deprecation, use _CRT_SECURE_NO_WARNINGS. See online help for details.
                 c:\program files (x86)\microsoft visual studio 11.0\vc\include\stdio.h(218) : see declaration of 'fopen'
     1>z:\jh on my mac\dropbox\school\wsu\cts121\lab 5\lab 5\lab 5\lab5.c(212): warning C4996: 'fscanf': This function or variable may be unsafe. Consider using fscanf_s instead. To disable deprecation, use _CRT_SECURE_NO_WARNINGS. See online help for details.
                 c:\program files (x86)\microsoft visual studio 11.0\vc\include\stdio.h(237) : see declaration of 'fscanf'
     1>z:\jh on my mac\dropbox\school\wsu\cts121\lab 5\lab 5\lab 5\lab5.c(178): warning C4716: 'part3' : must return a value
       Link:
         C:\Program Files (x86)\Microsoft Visual Studio 11.0\VC\bin\link.exe /ERRORREPORT:PROMPT /OUT:"Z:\jh On My Mac\Dropbox\School\WSU\CTS121\Lab 5\Lab 5\Debug\Lab 5.exe" /INCREMENTAL /NOLOGO kernel32.lib user32.lib gdi32.lib winspool.lib comdlg32.lib advapi32.lib shell32.lib ole32.lib oleaut32.lib uuid.lib odbc32.lib odbccp32.lib /MANIFEST /MANIFESTUAC:"level='asInvoker' uiAccess='false'" /manifest:embed /DEBUG /PDB:"Z:\jh On My Mac\Dropbox\School\WSU\CTS121\Lab 5\Lab 5\Debug\Lab 5.pdb" /SUBSYSTEM:CONSOLE /TLBID:1 /DYNAMICBASE /NXCOMPAT /IMPLIB:"Z:\jh On My Mac\Dropbox\School\WSU\CTS121\Lab 5\Lab 5\Debug\Lab 5.lib" /MACHINE:X86 Debug\lab5.obj
         Debug\main.obj
         Lab 5.vcxproj -> Z:\jh On My Mac\Dropbox\School\WSU\CTS121\Lab 5\Lab 5\Debug\Lab 5.exe
     1>Done Building Project "Z:\jh On My Mac\Dropbox\School\WSU\CTS121\Lab 5\Lab 5\Lab 5\Lab 5.vcxproj" (Build target(s)).

Build succeeded.

Time Elapsed 00:00:01.09
