Build started 8/29/2013 6:08:11 PM.
     1>Project "Z:\jh On My Mac\Dropbox\School\WSU\CTS121\Lab 1\Lab 1(2)\Lab 1(2)\Lab 1(2).vcxproj" on node 2 (Build target(s)).
     1>ClCompile:
         C:\Program Files (x86)\Microsoft Visual Studio 11.0\VC\bin\CL.exe /c /ZI /nologo /W3 /WX- /Od /Oy- /D WIN32 /D _DEBUG /D _CONSOLE /D _UNICODE /D UNICODE /Gm /EHsc /RTC1 /MDd /GS /fp:precise /Zc:wchar_t /Zc:forScope /Fo"Debug\\" /Fd"Debug\vc110.pdb" /Gd /TC /analyze- /errorReport:prompt "Lab1(2).c"
         Lab1(2).c
     1>z:\jh on my mac\dropbox\school\wsu\cts121\lab 1\lab 1(2)\lab 1(2)\lab1(2).c(19): warning C4013: 'part6' undefined; assuming extern returning int
     1>z:\jh on my mac\dropbox\school\wsu\cts121\lab 1\lab 1(2)\lab 1(2)\lab1(2).c(37): warning C4996: 'scanf': This function or variable may be unsafe. Consider using scanf_s instead. To disable deprecation, use _CRT_SECURE_NO_WARNINGS. See online help for details.
                 c:\program files (x86)\microsoft visual studio 11.0\vc\include\stdio.h(290) : see declaration of 'scanf'
     1>z:\jh on my mac\dropbox\school\wsu\cts121\lab 1\lab 1(2)\lab 1(2)\lab1(2).c(40): warning C4996: 'scanf': This function or variable may be unsafe. Consider using scanf_s instead. To disable deprecation, use _CRT_SECURE_NO_WARNINGS. See online help for details.
                 c:\program files (x86)\microsoft visual studio 11.0\vc\include\stdio.h(290) : see declaration of 'scanf'
     1>z:\jh on my mac\dropbox\school\wsu\cts121\lab 1\lab 1(2)\lab 1(2)\lab1(2).c(42): warning C4129: ',' : unrecognized character escape sequence
     1>z:\jh on my mac\dropbox\school\wsu\cts121\lab 1\lab 1(2)\lab 1(2)\lab1(2).c(61): warning C4013: 'evenOdd' undefined; assuming extern returning int
     1>z:\jh on my mac\dropbox\school\wsu\cts121\lab 1\lab 1(2)\lab 1(2)\lab1(2).c(90): warning C4996: 'scanf': This function or variable may be unsafe. Consider using scanf_s instead. To disable deprecation, use _CRT_SECURE_NO_WARNINGS. See online help for details.
                 c:\program files (x86)\microsoft visual studio 11.0\vc\include\stdio.h(290) : see declaration of 'scanf'
     1>z:\jh on my mac\dropbox\school\wsu\cts121\lab 1\lab 1(2)\lab 1(2)\lab1(2).c(107): warning C4996: 'scanf': This function or variable may be unsafe. Consider using scanf_s instead. To disable deprecation, use _CRT_SECURE_NO_WARNINGS. See online help for details.
                 c:\program files (x86)\microsoft visual studio 11.0\vc\include\stdio.h(290) : see declaration of 'scanf'
     1>z:\jh on my mac\dropbox\school\wsu\cts121\lab 1\lab 1(2)\lab 1(2)\lab1(2).c(127): warning C4996: 'scanf': This function or variable may be unsafe. Consider using scanf_s instead. To disable deprecation, use _CRT_SECURE_NO_WARNINGS. See online help for details.
                 c:\program files (x86)\microsoft visual studio 11.0\vc\include\stdio.h(290) : see declaration of 'scanf'
     1>z:\jh on my mac\dropbox\school\wsu\cts121\lab 1\lab 1(2)\lab 1(2)\lab1(2).c(130): warning C4996: 'scanf': This function or variable may be unsafe. Consider using scanf_s instead. To disable deprecation, use _CRT_SECURE_NO_WARNINGS. See online help for details.
                 c:\program files (x86)\microsoft visual studio 11.0\vc\include\stdio.h(290) : see declaration of 'scanf'
     1>z:\jh on my mac\dropbox\school\wsu\cts121\lab 1\lab 1(2)\lab 1(2)\lab1(2).c(133): warning C4996: 'scanf': This function or variable may be unsafe. Consider using scanf_s instead. To disable deprecation, use _CRT_SECURE_NO_WARNINGS. See online help for details.
                 c:\program files (x86)\microsoft visual studio 11.0\vc\include\stdio.h(290) : see declaration of 'scanf'
     1>z:\jh on my mac\dropbox\school\wsu\cts121\lab 1\lab 1(2)\lab 1(2)\lab1(2).c(136): warning C4996: 'scanf': This function or variable may be unsafe. Consider using scanf_s instead. To disable deprecation, use _CRT_SECURE_NO_WARNINGS. See online help for details.
                 c:\program files (x86)\microsoft visual studio 11.0\vc\include\stdio.h(290) : see declaration of 'scanf'
     1>z:\jh on my mac\dropbox\school\wsu\cts121\lab 1\lab 1(2)\lab 1(2)\lab1(2).c(139): warning C4996: 'scanf': This function or variable may be unsafe. Consider using scanf_s instead. To disable deprecation, use _CRT_SECURE_NO_WARNINGS. See online help for details.
                 c:\program files (x86)\microsoft visual studio 11.0\vc\include\stdio.h(290) : see declaration of 'scanf'
     1>z:\jh on my mac\dropbox\school\wsu\cts121\lab 1\lab 1(2)\lab 1(2)\lab1(2).c(156): warning C4996: 'scanf': This function or variable may be unsafe. Consider using scanf_s instead. To disable deprecation, use _CRT_SECURE_NO_WARNINGS. See online help for details.
                 c:\program files (x86)\microsoft visual studio 11.0\vc\include\stdio.h(290) : see declaration of 'scanf'
     1>z:\jh on my mac\dropbox\school\wsu\cts121\lab 1\lab 1(2)\lab 1(2)\lab1(2).c(153): warning C4101: 'c' : unreferenced local variable
       Link:
         C:\Program Files (x86)\Microsoft Visual Studio 11.0\VC\bin\link.exe /ERRORREPORT:PROMPT /OUT:"Z:\jh On My Mac\Dropbox\School\WSU\CTS121\Lab 1\Lab 1(2)\Debug\Lab 1(2).exe" /INCREMENTAL /NOLOGO kernel32.lib user32.lib gdi32.lib winspool.lib comdlg32.lib advapi32.lib shell32.lib ole32.lib oleaut32.lib uuid.lib odbc32.lib odbccp32.lib /MANIFEST /MANIFESTUAC:"level='asInvoker' uiAccess='false'" /manifest:embed /DEBUG /PDB:"Z:\jh On My Mac\Dropbox\School\WSU\CTS121\Lab 1\Lab 1(2)\Debug\Lab 1(2).pdb" /SUBSYSTEM:CONSOLE /TLBID:1 /DYNAMICBASE /NXCOMPAT /IMPLIB:"Z:\jh On My Mac\Dropbox\School\WSU\CTS121\Lab 1\Lab 1(2)\Debug\Lab 1(2).lib" /MACHINE:X86 "Debug\Lab1(2).obj"
         Lab 1(2).vcxproj -> Z:\jh On My Mac\Dropbox\School\WSU\CTS121\Lab 1\Lab 1(2)\Debug\Lab 1(2).exe
     1>Done Building Project "Z:\jh On My Mac\Dropbox\School\WSU\CTS121\Lab 1\Lab 1(2)\Lab 1(2)\Lab 1(2).vcxproj" (Build target(s)).

Build succeeded.

Time Elapsed 00:00:01.05
