Build started 9/12/2013 6:10:28 PM.
     1>Project "C:\Users\JH12\Dropbox\School\WSU\CTS121\Lab 3\Lab3\Lab3\Lab3.vcxproj" on node 2 (Build target(s)).
     1>ClCompile:
         C:\Program Files (x86)\Microsoft Visual Studio 11.0\VC\bin\CL.exe /c /ZI /nologo /W3 /WX- /Od /Oy- /D WIN32 /D _DEBUG /D _CONSOLE /D _UNICODE /D UNICODE /Gm /EHsc /RTC1 /MDd /GS /fp:precise /Zc:wchar_t /Zc:forScope /Fo"Debug\\" /Fd"Debug\vc110.pdb" /Gd /TC /analyze- /errorReport:prompt functions.c
         functions.c
     1>c:\users\jh12\dropbox\school\wsu\cts121\lab 3\lab3\lab3\functions.c(7): warning C4996: 'fopen': This function or variable may be unsafe. Consider using fopen_s instead. To disable deprecation, use _CRT_SECURE_NO_WARNINGS. See online help for details.
                 c:\program files (x86)\microsoft visual studio 11.0\vc\include\stdio.h(218) : see declaration of 'fopen'
     1>c:\users\jh12\dropbox\school\wsu\cts121\lab 3\lab3\lab3\functions.c(14): warning C4996: 'fopen': This function or variable may be unsafe. Consider using fopen_s instead. To disable deprecation, use _CRT_SECURE_NO_WARNINGS. See online help for details.
                 c:\program files (x86)\microsoft visual studio 11.0\vc\include\stdio.h(218) : see declaration of 'fopen'
     1>c:\users\jh12\dropbox\school\wsu\cts121\lab 3\lab3\lab3\functions.c(21): warning C4996: 'fopen': This function or variable may be unsafe. Consider using fopen_s instead. To disable deprecation, use _CRT_SECURE_NO_WARNINGS. See online help for details.
                 c:\program files (x86)\microsoft visual studio 11.0\vc\include\stdio.h(218) : see declaration of 'fopen'
     1>c:\users\jh12\dropbox\school\wsu\cts121\lab 3\lab3\lab3\functions.c(29): warning C4305: 'initializing' : truncation from 'int' to 'char'
     1>c:\users\jh12\dropbox\school\wsu\cts121\lab 3\lab3\lab3\functions.c(31): warning C4996: 'fscanf': This function or variable may be unsafe. Consider using fscanf_s instead. To disable deprecation, use _CRT_SECURE_NO_WARNINGS. See online help for details.
                 c:\program files (x86)\microsoft visual studio 11.0\vc\include\stdio.h(237) : see declaration of 'fscanf'
     1>c:\users\jh12\dropbox\school\wsu\cts121\lab 3\lab3\lab3\functions.c(226): warning C4305: 'initializing' : truncation from 'int' to 'char'
     1>c:\users\jh12\dropbox\school\wsu\cts121\lab 3\lab3\lab3\functions.c(299): warning C4715: 'startHere' : not all control paths return a value
       Link:
         C:\Program Files (x86)\Microsoft Visual Studio 11.0\VC\bin\link.exe /ERRORREPORT:PROMPT /OUT:"C:\Users\JH12\Dropbox\School\WSU\CTS121\Lab 3\Lab3\Debug\Lab3.exe" /INCREMENTAL /NOLOGO kernel32.lib user32.lib gdi32.lib winspool.lib comdlg32.lib advapi32.lib shell32.lib ole32.lib oleaut32.lib uuid.lib odbc32.lib odbccp32.lib /MANIFEST /MANIFESTUAC:"level='asInvoker' uiAccess='false'" /manifest:embed /DEBUG /PDB:"C:\Users\JH12\Dropbox\School\WSU\CTS121\Lab 3\Lab3\Debug\Lab3.pdb" /SUBSYSTEM:CONSOLE /TLBID:1 /DYNAMICBASE /NXCOMPAT /IMPLIB:"C:\Users\JH12\Dropbox\School\WSU\CTS121\Lab 3\Lab3\Debug\Lab3.lib" /MACHINE:X86 Debug\functions.obj
         Debug\main.obj
         Lab3.vcxproj -> C:\Users\JH12\Dropbox\School\WSU\CTS121\Lab 3\Lab3\Debug\Lab3.exe
     1>Done Building Project "C:\Users\JH12\Dropbox\School\WSU\CTS121\Lab 3\Lab3\Lab3\Lab3.vcxproj" (Build target(s)).

Build succeeded.

Time Elapsed 00:00:00.79
